[2020-06-12 11:36:47.925] [renderer1] [error] name must not be falsy: Error: name must not be falsy
	at Function.validate (/snap/code/34/usr/share/code/resources/app/out/vs/workbench/services/extensions/node/extensionHostProcess.js:447:420)
	at new e (/snap/code/34/usr/share/code/resources/app/out/vs/workbench/services/extensions/node/extensionHostProcess.js:447:369)
	at new e (/snap/code/34/usr/share/code/resources/app/out/vs/workbench/services/extensions/node/extensionHostProcess.js:434:44)
	at asSymbolInformation (/root/.vscode/extensions/felixfbecker.php-intellisense-2.3.14/node_modules/vscode-languageclient/lib/protocolConverter.js:347:22)
	at /root/.vscode/extensions/felixfbecker.php-intellisense-2.3.14/node_modules/vscode-languageclient/lib/protocolConverter.js:336:42
	at Array.map (<anonymous>)
	at Object.asSymbolInformations (/root/.vscode/extensions/felixfbecker.php-intellisense-2.3.14/node_modules/vscode-languageclient/lib/protocolConverter.js:336:23)
	at /root/.vscode/extensions/felixfbecker.php-intellisense-2.3.14/node_modules/vscode-languageclient/lib/client.js:1002:62
[2020-06-12 11:42:57.817] [renderer1] [error] name must not be falsy: Error: name must not be falsy
	at Function.validate (/snap/code/34/usr/share/code/resources/app/out/vs/workbench/services/extensions/node/extensionHostProcess.js:447:420)
	at new e (/snap/code/34/usr/share/code/resources/app/out/vs/workbench/services/extensions/node/extensionHostProcess.js:447:369)
	at new e (/snap/code/34/usr/share/code/resources/app/out/vs/workbench/services/extensions/node/extensionHostProcess.js:434:44)
	at asSymbolInformation (/root/.vscode/extensions/felixfbecker.php-intellisense-2.3.14/node_modules/vscode-languageclient/lib/protocolConverter.js:347:22)
	at /root/.vscode/extensions/felixfbecker.php-intellisense-2.3.14/node_modules/vscode-languageclient/lib/protocolConverter.js:336:42
	at Array.map (<anonymous>)
	at Object.asSymbolInformations (/root/.vscode/extensions/felixfbecker.php-intellisense-2.3.14/node_modules/vscode-languageclient/lib/protocolConverter.js:336:23)
	at /root/.vscode/extensions/felixfbecker.php-intellisense-2.3.14/node_modules/vscode-languageclient/lib/client.js:1002:62
[2020-06-12 11:46:07.689] [renderer1] [error] name must not be falsy: Error: name must not be falsy
	at Function.validate (/snap/code/34/usr/share/code/resources/app/out/vs/workbench/services/extensions/node/extensionHostProcess.js:447:420)
	at new e (/snap/code/34/usr/share/code/resources/app/out/vs/workbench/services/extensions/node/extensionHostProcess.js:447:369)
	at new e (/snap/code/34/usr/share/code/resources/app/out/vs/workbench/services/extensions/node/extensionHostProcess.js:434:44)
	at asSymbolInformation (/root/.vscode/extensions/felixfbecker.php-intellisense-2.3.14/node_modules/vscode-languageclient/lib/protocolConverter.js:347:22)
	at /root/.vscode/extensions/felixfbecker.php-intellisense-2.3.14/node_modules/vscode-languageclient/lib/protocolConverter.js:336:42
	at Array.map (<anonymous>)
	at Object.asSymbolInformations (/root/.vscode/extensions/felixfbecker.php-intellisense-2.3.14/node_modules/vscode-languageclient/lib/protocolConverter.js:336:23)
	at /root/.vscode/extensions/felixfbecker.php-intellisense-2.3.14/node_modules/vscode-languageclient/lib/client.js:1002:62
[2020-06-12 13:34:50.965] [renderer1] [error] name must not be falsy: Error: name must not be falsy
	at Function.validate (/snap/code/34/usr/share/code/resources/app/out/vs/workbench/services/extensions/node/extensionHostProcess.js:447:420)
	at new e (/snap/code/34/usr/share/code/resources/app/out/vs/workbench/services/extensions/node/extensionHostProcess.js:447:369)
	at new e (/snap/code/34/usr/share/code/resources/app/out/vs/workbench/services/extensions/node/extensionHostProcess.js:434:44)
	at asSymbolInformation (/root/.vscode/extensions/felixfbecker.php-intellisense-2.3.14/node_modules/vscode-languageclient/lib/protocolConverter.js:347:22)
	at /root/.vscode/extensions/felixfbecker.php-intellisense-2.3.14/node_modules/vscode-languageclient/lib/protocolConverter.js:336:42
	at Array.map (<anonymous>)
	at Object.asSymbolInformations (/root/.vscode/extensions/felixfbecker.php-intellisense-2.3.14/node_modules/vscode-languageclient/lib/protocolConverter.js:336:23)
	at /root/.vscode/extensions/felixfbecker.php-intellisense-2.3.14/node_modules/vscode-languageclient/lib/client.js:1002:62
[2020-06-12 18:09:31.022] [renderer1] [error] name must not be falsy: Error: name must not be falsy
	at Function.validate (/snap/code/34/usr/share/code/resources/app/out/vs/workbench/services/extensions/node/extensionHostProcess.js:447:420)
	at new e (/snap/code/34/usr/share/code/resources/app/out/vs/workbench/services/extensions/node/extensionHostProcess.js:447:369)
	at new e (/snap/code/34/usr/share/code/resources/app/out/vs/workbench/services/extensions/node/extensionHostProcess.js:434:44)
	at asSymbolInformation (/root/.vscode/extensions/felixfbecker.php-intellisense-2.3.14/node_modules/vscode-languageclient/lib/protocolConverter.js:347:22)
	at /root/.vscode/extensions/felixfbecker.php-intellisense-2.3.14/node_modules/vscode-languageclient/lib/protocolConverter.js:336:42
	at Array.map (<anonymous>)
	at Object.asSymbolInformations (/root/.vscode/extensions/felixfbecker.php-intellisense-2.3.14/node_modules/vscode-languageclient/lib/protocolConverter.js:336:23)
	at /root/.vscode/extensions/felixfbecker.php-intellisense-2.3.14/node_modules/vscode-languageclient/lib/client.js:1002:62
