[2020-06-16 10:05:06.691] [exthost] [info] extension host started
[2020-06-16 10:05:06.741] [exthost] [info] ExtensionService#_doActivateExtension vscode.php-language-features {"startup":false,"extensionId":{"value":"vscode.php-language-features","_lower":"vscode.php-language-features"},"activationEvent":"onLanguage:php"}
[2020-06-16 10:05:06.741] [exthost] [info] ExtensionService#loadCommonJSModule file:///snap/code/34/usr/share/code/resources/app/extensions/php-language-features/dist/phpMain
[2020-06-16 10:05:07.799] [exthost] [info] ExtensionService#_doActivateExtension felixfbecker.php-intellisense {"startup":false,"extensionId":{"value":"felixfbecker.php-intellisense","_lower":"felixfbecker.php-intellisense"},"activationEvent":"onLanguage:php"}
[2020-06-16 10:05:07.799] [exthost] [info] ExtensionService#loadCommonJSModule file:///root/.vscode/extensions/felixfbecker.php-intellisense-2.3.14/out/extension
[2020-06-16 10:05:09.885] [exthost] [info] ExtensionService#_doActivateExtension vscode.debug-auto-launch {"startup":true,"extensionId":{"value":"vscode.debug-auto-launch","_lower":"vscode.debug-auto-launch"},"activationEvent":"*"}
[2020-06-16 10:05:09.886] [exthost] [info] ExtensionService#loadCommonJSModule file:///snap/code/34/usr/share/code/resources/app/extensions/debug-auto-launch/dist/extension
[2020-06-16 10:05:09.898] [exthost] [info] ExtensionService#_doActivateExtension vscode.emmet {"startup":true,"extensionId":{"value":"vscode.emmet","_lower":"vscode.emmet"},"activationEvent":"*"}
[2020-06-16 10:05:09.898] [exthost] [info] ExtensionService#loadCommonJSModule file:///snap/code/34/usr/share/code/resources/app/extensions/emmet/dist/extension
[2020-06-16 10:05:09.946] [exthost] [info] ExtensionService#_doActivateExtension vscode.git {"startup":true,"extensionId":{"value":"vscode.github","_lower":"vscode.github"},"activationEvent":"*"}
[2020-06-16 10:05:09.946] [exthost] [info] ExtensionService#loadCommonJSModule file:///snap/code/34/usr/share/code/resources/app/extensions/git/dist/main
[2020-06-16 10:05:10.060] [exthost] [info] ExtensionService#_doActivateExtension vscode.github-authentication {"startup":true,"extensionId":{"value":"vscode.github-authentication","_lower":"vscode.github-authentication"},"activationEvent":"*"}
[2020-06-16 10:05:10.060] [exthost] [info] ExtensionService#loadCommonJSModule file:///snap/code/34/usr/share/code/resources/app/extensions/github-authentication/dist/extension.js
[2020-06-16 10:05:10.098] [exthost] [info] ExtensionService#_doActivateExtension vscode.merge-conflict {"startup":true,"extensionId":{"value":"vscode.merge-conflict","_lower":"vscode.merge-conflict"},"activationEvent":"*"}
[2020-06-16 10:05:10.098] [exthost] [info] ExtensionService#loadCommonJSModule file:///snap/code/34/usr/share/code/resources/app/extensions/merge-conflict/dist/extension
[2020-06-16 10:05:10.158] [exthost] [info] ExtensionService#_doActivateExtension vscode.microsoft-authentication {"startup":true,"extensionId":{"value":"vscode.microsoft-authentication","_lower":"vscode.microsoft-authentication"},"activationEvent":"*"}
[2020-06-16 10:05:10.158] [exthost] [info] ExtensionService#loadCommonJSModule file:///snap/code/34/usr/share/code/resources/app/extensions/microsoft-authentication/dist/extension.js
[2020-06-16 10:05:10.181] [exthost] [info] ExtensionService#_doActivateExtension vscode.search-result {"startup":true,"extensionId":{"value":"vscode.search-result","_lower":"vscode.search-result"},"activationEvent":"*"}
[2020-06-16 10:05:10.182] [exthost] [info] ExtensionService#loadCommonJSModule file:///snap/code/34/usr/share/code/resources/app/extensions/search-result/dist/extension.js
[2020-06-16 10:05:10.224] [exthost] [info] ExtensionService#_doActivateExtension vscode.npm {"startup":true,"extensionId":{"value":"vscode.npm","_lower":"vscode.npm"},"activationEvent":"workspaceContains:package.json"}
[2020-06-16 10:05:10.224] [exthost] [info] ExtensionService#loadCommonJSModule file:///snap/code/34/usr/share/code/resources/app/extensions/npm/dist/main
[2020-06-16 10:05:11.420] [exthost] [info] ExtensionService#_doActivateExtension vscode.github {"startup":true,"extensionId":{"value":"vscode.github","_lower":"vscode.github"},"activationEvent":"*"}
[2020-06-16 10:05:11.424] [exthost] [info] ExtensionService#loadCommonJSModule file:///snap/code/34/usr/share/code/resources/app/extensions/github/dist/extension.js
[2020-06-16 10:05:14.474] [exthost] [info] eager extensions activated
[2020-06-16 10:10:41.042] [exthost] [info] ExtensionService#_doActivateExtension benjpas.close-all {"startup":false,"extensionId":{"value":"benjpas.close-all","_lower":"benjpas.close-all"},"activationEvent":"onCommand:extension.closeAll"}
[2020-06-16 10:10:41.042] [exthost] [info] ExtensionService#loadCommonJSModule file:///root/.vscode/extensions/benjpas.close-all-1.0.2/out/src/extension
[2020-06-16 10:12:20.373] [exthost] [error] [felixfbecker.php-intellisense] provider FAILED
[2020-06-16 10:12:20.388] [exthost] [error] Error: name must not be falsy
	at Function.validate (/snap/code/34/usr/share/code/resources/app/out/vs/workbench/services/extensions/node/extensionHostProcess.js:447:420)
	at new e (/snap/code/34/usr/share/code/resources/app/out/vs/workbench/services/extensions/node/extensionHostProcess.js:447:369)
	at new e (/snap/code/34/usr/share/code/resources/app/out/vs/workbench/services/extensions/node/extensionHostProcess.js:434:44)
	at asSymbolInformation (/root/.vscode/extensions/felixfbecker.php-intellisense-2.3.14/node_modules/vscode-languageclient/lib/protocolConverter.js:347:22)
	at /root/.vscode/extensions/felixfbecker.php-intellisense-2.3.14/node_modules/vscode-languageclient/lib/protocolConverter.js:336:42
	at Array.map (<anonymous>)
	at Object.asSymbolInformations (/root/.vscode/extensions/felixfbecker.php-intellisense-2.3.14/node_modules/vscode-languageclient/lib/protocolConverter.js:336:23)
	at /root/.vscode/extensions/felixfbecker.php-intellisense-2.3.14/node_modules/vscode-languageclient/lib/client.js:1002:62
